2019-03-15 10:18:41,315 - DEBUG - Start of program.
2019-03-15 10:18:41,316 - DEBUG - Starting of factorial(7)
2019-03-15 10:18:41,316 - DEBUG - i is 1, total is 1
2019-03-15 10:18:41,316 - DEBUG - i is 2, total is 2
2019-03-15 10:18:41,316 - DEBUG - i is 3, total is 6
2019-03-15 10:18:41,316 - DEBUG - i is 4, total is 24
2019-03-15 10:18:41,316 - DEBUG - i is 5, total is 120
2019-03-15 10:18:41,316 - DEBUG - i is 6, total is 720
2019-03-15 10:18:41,316 - DEBUG - i is 7, total is 5040
2019-03-15 10:18:41,317 - DEBUG - End of factorial(7)
2019-03-15 10:18:41,317 - DEBUG - End of program.

2019-03-15 10:35:10,391 - DEBUG - Start of program.
2019-03-15 10:35:10,392 - DEBUG - Starting of factorial(7)
2019-03-15 10:35:10,392 - DEBUG - i is 1, total is 1
2019-03-15 10:35:10,392 - DEBUG - i is 2, total is 2
2019-03-15 10:35:10,392 - DEBUG - i is 3, total is 6
2019-03-15 10:35:10,392 - DEBUG - i is 4, total is 24
2019-03-15 10:35:10,392 - DEBUG - i is 5, total is 120
2019-03-15 10:35:10,392 - DEBUG - i is 6, total is 720
2019-03-15 10:35:10,392 - DEBUG - i is 7, total is 5040
2019-03-15 10:35:10,392 - DEBUG - End of factorial(7)
2019-03-15 10:35:10,392 - DEBUG - End of program.

